<?xml version="1.0" encoding="UTF-8" ?>
<testsuite failures="0" time="1.018" errors="0" skipped="0" tests="1" name="org.jboss.weld.environment.osgi.OSGiLiteTest">
  <properties>
    <property name="java.runtime.name" value="Java(TM) SE Runtime Environment"/>
    <property name="sun.boot.library.path" value="/System/Library/Java/JavaVirtualMachines/1.6.0.jdk/Contents/Libraries"/>
    <property name="java.vm.version" value="19.1-b02-334"/>
    <property name="awt.nativeDoubleBuffering" value="true"/>
    <property name="gopherProxySet" value="false"/>
    <property name="mrj.build" value="10M3326"/>
    <property name="java.vm.vendor" value="Apple Inc."/>
    <property name="java.vendor.url" value="http://www.apple.com/"/>
    <property name="path.separator" value=":"/>
    <property name="java.vm.name" value="Java HotSpot(TM) 64-Bit Server VM"/>
    <property name="file.encoding.pkg" value="sun.io"/>
    <property name="user.country" value="FR"/>
    <property name="sun.java.launcher" value="SUN_STANDARD"/>
    <property name="sun.os.patch.level" value="unknown"/>
    <property name="java.vm.specification.name" value="Java Virtual Machine Specification"/>
    <property name="user.dir" value="/Users/mathieuancelin/Desktop/weld/weld-osgi-lite"/>
    <property name="java.runtime.version" value="1.6.0_24-b07-334-10M3326"/>
    <property name="java.awt.graphicsenv" value="apple.awt.CGraphicsEnvironment"/>
    <property name="basedir" value="/Users/mathieuancelin/Desktop/weld/weld-osgi-lite"/>
    <property name="java.endorsed.dirs" value="/System/Library/Java/JavaVirtualMachines/1.6.0.jdk/Contents/Home/lib/endorsed"/>
    <property name="os.arch" value="x86_64"/>
    <property name="surefire.real.class.path" value="/var/folders/fi/fisx1C5-GC05oBzfjIDZp++++TI/-Tmp-/surefirebooter129035982743073318.jar"/>
    <property name="java.io.tmpdir" value="/var/folders/fi/fisx1C5-GC05oBzfjIDZp++++TI/-Tmp-/"/>
    <property name="line.separator" value="
"/>
    <property name="java.vm.specification.vendor" value="Sun Microsystems Inc."/>
    <property name="os.name" value="Mac OS X"/>
    <property name="sun.jnu.encoding" value="MacRoman"/>
    <property name="java.library.path" value=".:/Library/Java/Extensions:/System/Library/Java/Extensions:/usr/lib/java"/>
    <property name="surefire.test.class.path" value="/Users/mathieuancelin/Desktop/weld/weld-osgi-lite/target/test-classes:/Users/mathieuancelin/Desktop/weld/weld-osgi-lite/target/classes:/Users/mathieuancelin/.m2/repository/org/osgi/org.osgi.core/4.2.0/org.osgi.core-4.2.0.jar:/Users/mathieuancelin/.m2/repository/org/osgi/org.osgi.compendium/4.2.0/org.osgi.compendium-4.2.0.jar:/Users/mathieuancelin/.m2/repository/org/jboss/weld/weld-core/1.1.0-SNAPSHOT/weld-core-1.1.0-SNAPSHOT.jar:/Users/mathieuancelin/.m2/repository/org/jboss/spec/javax/interceptor/jboss-interceptors-api_1.1_spec/1.0.0.Beta1/jboss-interceptors-api_1.1_spec-1.0.0.Beta1.jar:/Users/mathieuancelin/.m2/repository/org/slf4j/slf4j-ext/1.5.10/slf4j-ext-1.5.10.jar:/Users/mathieuancelin/.m2/repository/ch/qos/cal10n/cal10n-api/0.7.2/cal10n-api-0.7.2.jar:/Users/mathieuancelin/.m2/repository/org/slf4j/slf4j-api/1.5.10/slf4j-api-1.5.10.jar:/Users/mathieuancelin/.m2/repository/org/jboss/weld/weld-api/1.1.Beta2/weld-api-1.1.Beta2.jar:/Users/mathieuancelin/.m2/repository/org/jboss/weld/weld-spi/1.1.Beta2/weld-spi-1.1.Beta2.jar:/Users/mathieuancelin/.m2/repository/javax/enterprise/cdi-api/1.0-SP3/cdi-api-1.0-SP3.jar:/Users/mathieuancelin/.m2/repository/javax/el/el-api/2.2/el-api-2.2.jar:/Users/mathieuancelin/.m2/repository/javax/annotation/jsr250-api/1.0/jsr250-api-1.0.jar:/Users/mathieuancelin/.m2/repository/org/slf4j/slf4j-simple/1.5.10/slf4j-simple-1.5.10.jar:/Users/mathieuancelin/.m2/repository/org/javassist/javassist/3.14.0-GA/javassist-3.14.0-GA.jar:/Users/mathieuancelin/.m2/repository/com/google/guava/guava/r06/guava-r06.jar:/Users/mathieuancelin/.m2/repository/org/jboss/interceptor/jboss-interceptor-spi/2.0.0.Alpha3/jboss-interceptor-spi-2.0.0.Alpha3.jar:/Users/mathieuancelin/.m2/repository/org/jboss/interceptor/jboss-interceptor-core/2.0.0.Alpha3/jboss-interceptor-core-2.0.0.Alpha3.jar:/Users/mathieuancelin/.m2/repository/javassist/javassist/3.12.0.GA/javassist-3.12.0.GA.jar:/Users/mathieuancelin/.m2/repository/org/jboss/interceptor/jboss-interceptor-api/1.1/jboss-interceptor-api-1.1.jar:/Users/mathieuancelin/.m2/repository/javax/inject/javax.inject/1/javax.inject-1.jar:/Users/mathieuancelin/.m2/repository/org/slf4j/slf4j-jdk14/1.5.10/slf4j-jdk14-1.5.10.jar:/Users/mathieuancelin/.m2/repository/org/apache/felix/de.kalpatec.pojosr.framework/0.1.0-SNAPSHOT/de.kalpatec.pojosr.framework-0.1.0-SNAPSHOT.jar:/Users/mathieuancelin/.m2/repository/junit/junit/4.8.2/junit-4.8.2.jar:"/>
    <property name="java.specification.name" value="Java Platform API Specification"/>
    <property name="java.class.version" value="50.0"/>
    <property name="sun.management.compiler" value="HotSpot 64-Bit Server Compiler"/>
    <property name="os.version" value="10.6.6"/>
    <property name="http.nonProxyHosts" value="local|*.local|169.254/16|*.169.254/16"/>
    <property name="user.home" value="/Users/mathieuancelin"/>
    <property name="user.timezone" value=""/>
    <property name="java.awt.printerjob" value="apple.awt.CPrinterJob"/>
    <property name="java.specification.version" value="1.6"/>
    <property name="file.encoding" value="MacRoman"/>
    <property name="user.name" value="mathieuancelin"/>
    <property name="java.class.path" value="/Users/mathieuancelin/Desktop/weld/weld-osgi-lite/target/test-classes:/Users/mathieuancelin/Desktop/weld/weld-osgi-lite/target/classes:/Users/mathieuancelin/.m2/repository/org/osgi/org.osgi.core/4.2.0/org.osgi.core-4.2.0.jar:/Users/mathieuancelin/.m2/repository/org/osgi/org.osgi.compendium/4.2.0/org.osgi.compendium-4.2.0.jar:/Users/mathieuancelin/.m2/repository/org/jboss/weld/weld-core/1.1.0-SNAPSHOT/weld-core-1.1.0-SNAPSHOT.jar:/Users/mathieuancelin/.m2/repository/org/jboss/spec/javax/interceptor/jboss-interceptors-api_1.1_spec/1.0.0.Beta1/jboss-interceptors-api_1.1_spec-1.0.0.Beta1.jar:/Users/mathieuancelin/.m2/repository/org/slf4j/slf4j-ext/1.5.10/slf4j-ext-1.5.10.jar:/Users/mathieuancelin/.m2/repository/ch/qos/cal10n/cal10n-api/0.7.2/cal10n-api-0.7.2.jar:/Users/mathieuancelin/.m2/repository/org/slf4j/slf4j-api/1.5.10/slf4j-api-1.5.10.jar:/Users/mathieuancelin/.m2/repository/org/jboss/weld/weld-api/1.1.Beta2/weld-api-1.1.Beta2.jar:/Users/mathieuancelin/.m2/repository/org/jboss/weld/weld-spi/1.1.Beta2/weld-spi-1.1.Beta2.jar:/Users/mathieuancelin/.m2/repository/javax/enterprise/cdi-api/1.0-SP3/cdi-api-1.0-SP3.jar:/Users/mathieuancelin/.m2/repository/javax/el/el-api/2.2/el-api-2.2.jar:/Users/mathieuancelin/.m2/repository/javax/annotation/jsr250-api/1.0/jsr250-api-1.0.jar:/Users/mathieuancelin/.m2/repository/org/slf4j/slf4j-simple/1.5.10/slf4j-simple-1.5.10.jar:/Users/mathieuancelin/.m2/repository/org/javassist/javassist/3.14.0-GA/javassist-3.14.0-GA.jar:/Users/mathieuancelin/.m2/repository/com/google/guava/guava/r06/guava-r06.jar:/Users/mathieuancelin/.m2/repository/org/jboss/interceptor/jboss-interceptor-spi/2.0.0.Alpha3/jboss-interceptor-spi-2.0.0.Alpha3.jar:/Users/mathieuancelin/.m2/repository/org/jboss/interceptor/jboss-interceptor-core/2.0.0.Alpha3/jboss-interceptor-core-2.0.0.Alpha3.jar:/Users/mathieuancelin/.m2/repository/javassist/javassist/3.12.0.GA/javassist-3.12.0.GA.jar:/Users/mathieuancelin/.m2/repository/org/jboss/interceptor/jboss-interceptor-api/1.1/jboss-interceptor-api-1.1.jar:/Users/mathieuancelin/.m2/repository/javax/inject/javax.inject/1/javax.inject-1.jar:/Users/mathieuancelin/.m2/repository/org/slf4j/slf4j-jdk14/1.5.10/slf4j-jdk14-1.5.10.jar:/Users/mathieuancelin/.m2/repository/org/apache/felix/de.kalpatec.pojosr.framework/0.1.0-SNAPSHOT/de.kalpatec.pojosr.framework-0.1.0-SNAPSHOT.jar:/Users/mathieuancelin/.m2/repository/junit/junit/4.8.2/junit-4.8.2.jar:"/>
    <property name="java.vm.specification.version" value="1.0"/>
    <property name="sun.arch.data.model" value="64"/>
    <property name="java.home" value="/System/Library/Java/JavaVirtualMachines/1.6.0.jdk/Contents/Home"/>
    <property name="java.specification.vendor" value="Sun Microsystems Inc."/>
    <property name="user.language" value="fr"/>
    <property name="awt.toolkit" value="apple.awt.CToolkit"/>
    <property name="java.vm.info" value="mixed mode"/>
    <property name="java.version" value="1.6.0_24"/>
    <property name="java.ext.dirs" value="/Library/Java/Extensions:/System/Library/Java/Extensions:/System/Library/Java/JavaVirtualMachines/1.6.0.jdk/Contents/Home/lib/ext"/>
    <property name="sun.boot.class.path" value="/System/Library/Java/JavaVirtualMachines/1.6.0.jdk/Contents/Classes/jsfd.jar:/System/Library/Java/JavaVirtualMachines/1.6.0.jdk/Contents/Classes/classes.jar:/System/Library/Frameworks/JavaVM.framework/Frameworks/JavaRuntimeSupport.framework/Resources/Java/JavaRuntimeSupport.jar:/System/Library/Java/JavaVirtualMachines/1.6.0.jdk/Contents/Classes/ui.jar:/System/Library/Java/JavaVirtualMachines/1.6.0.jdk/Contents/Classes/laf.jar:/System/Library/Java/JavaVirtualMachines/1.6.0.jdk/Contents/Classes/sunrsasign.jar:/System/Library/Java/JavaVirtualMachines/1.6.0.jdk/Contents/Classes/jsse.jar:/System/Library/Java/JavaVirtualMachines/1.6.0.jdk/Contents/Classes/jce.jar:/System/Library/Java/JavaVirtualMachines/1.6.0.jdk/Contents/Classes/charsets.jar"/>
    <property name="java.vendor" value="Apple Inc."/>
    <property name="localRepository" value="/Users/mathieuancelin/.m2/repository"/>
    <property name="file.separator" value="/"/>
    <property name="java.vendor.url.bug" value="http://bugreport.apple.com/"/>
    <property name="sun.cpu.endian" value="little"/>
    <property name="sun.io.unicode.encoding" value="UnicodeLittle"/>
    <property name="mrj.version" value="1060.1.6.0_24-334"/>
    <property name="socksNonProxyHosts" value="local|*.local|169.254/16|*.169.254/16"/>
    <property name="ftp.nonProxyHosts" value="local|*.local|169.254/16|*.169.254/16"/>
    <property name="sun.cpu.isalist" value=""/>
  </properties>
  <testcase time="0.912" classname="org.jboss.weld.environment.osgi.OSGiLiteTest" name="dummyTest"/>
</testsuite>